<?xml version="1.0" encoding="UTF-8" ?>
<testsuite failures="0" time="0.04" errors="0" skipped="0" tests="3" name="org.xmpp.packet.JIDSerializabilityTest">
  <properties>
[...]
</properties>
  <testcase time="0.033" classname="org.xmpp.packet.JIDSerializabilityTest" name="testIsSerializable"/>
  <testcase time="0.003" classname="org.xmpp.packet.JIDSerializabilityTest" name="testRoundTripSerialization"/>
  <testcase time="0.001" classname="org.xmpp.packet.JIDSerializabilityTest" name="testDeserializeVersionJIDversion1dot1"/>
</testsuite>